Using pre-set license
Built from '2020.3/staging' branch; Version is '2020.3.13f1 (71691879b7f5) revision 7432472'; Using compiler version '192528614'; Build Type 'Release'
OS: 'Windows 10 Home; OS build 19044.1645; Version 2009; 64bit' Language: 'zh' Physical Memory: 40637 MB
BatchMode: 1, IsHumanControllingUs: 0, StartBugReporterOnCrash: 0, Is64bit: 1, IsPro: 0

 COMMAND LINE ARGUMENTS:
C:\Program Files\Unity\Hub\Editor\2020.3.13f1\Editor\Unity.exe
-adb2
-batchMode
-noUpm
-name
AssetImportWorker2
-projectPath
C:/Users/Kayne/Desktop/Unity-game/2D game
-logFile
Logs/AssetImportWorker2.log
-srvPort
50947
Successfully changed project path to: C:/Users/Kayne/Desktop/Unity-game/2D game
C:/Users/Kayne/Desktop/Unity-game/2D game
Using Asset Import Pipeline V2.
Refreshing native plugins compatible for Editor in 205.33 ms, found 3 plugins.
Preloading 0 native plugins for Editor in 0.00 ms.
Initialize engine version: 2020.3.13f1 (71691879b7f5)
[Subsystems] Discovering subsystems at path C:/Program Files/Unity/Hub/Editor/2020.3.13f1/Editor/Data/Resources/UnitySubsystems
[Subsystems] Discovering subsystems at path C:/Users/Kayne/Desktop/Unity-game/2D game/Assets
GfxDevice: creating device client; threaded=0
Direct3D:
    Version:  Direct3D 11.0 [level 11.1]
    Renderer: NVIDIA GeForce RTX 3060 Laptop GPU (ID=0x2520)
    Vendor:   
    VRAM:     6023 MB
    Driver:   30.0.14.9649
Initialize mono
Mono path[0] = 'C:/Program Files/Unity/Hub/Editor/2020.3.13f1/Editor/Data/Managed'
Mono path[1] = 'C:/Program Files/Unity/Hub/Editor/2020.3.13f1/Editor/Data/MonoBleedingEdge/lib/mono/unityjit'
Mono config path = 'C:/Program Files/Unity/Hub/Editor/2020.3.13f1/Editor/Data/MonoBleedingEdge/etc'
Using monoOptions --debugger-agent=transport=dt_socket,embedding=1,server=y,suspend=n,address=127.0.0.1:56948
Begin MonoManager ReloadAssembly
Registering precompiled unity dll's ...
Register platform support module: C:/Program Files/Unity/Hub/Editor/2020.3.13f1/Editor/Data/PlaybackEngines/WindowsStandaloneSupport/UnityEditor.WindowsStandalone.Extensions.dll
Registered in 0.007122 seconds.
Native extension for WindowsStandalone target not found
Refreshing native plugins compatible for Editor in 225.75 ms, found 3 plugins.
Preloading 0 native plugins for Editor in 0.00 ms.
Mono: successfully reloaded assembly
- Completed reload, in  4.203 seconds
Platform modules already initialized, skipping
Registering precompiled user dll's ...
Registered in 0.018539 seconds.
Begin MonoManager ReloadAssembly
Native extension for WindowsStandalone target not found
Refreshing native plugins compatible for Editor in 179.39 ms, found 3 plugins.
Preloading 0 native plugins for Editor in 0.00 ms.
Mono: successfully reloaded assembly
- Completed reload, in  5.142 seconds
Platform modules already initialized, skipping
========================================================================
Worker process is ready to serve import requests
Launched and connected shader compiler UnityShaderCompiler.exe after 0.26 seconds
Refreshing native plugins compatible for Editor in 1.42 ms, found 3 plugins.
Preloading 0 native plugins for Editor in 0.00 ms.
Unloading 2277 Unused Serialized files (Serialized files now loaded: 0)
System memory in use before: 190.2 MB.
System memory in use after: 190.3 MB.

Unloading 29 unused Assets to reduce memory usage. Loaded Objects now: 2738.
Total: 7.047400 ms (FindLiveObjects: 0.715400 ms CreateObjectMapping: 0.195400 ms MarkObjects: 5.837000 ms  DeleteObjects: 0.296500 ms)

AssetImportParameters requested are different than current active one (requested -> active):
  custom:framework-win-MediaFoundation: 216162199b28c13a410421893ffa2e32 -> 
  custom:video-decoder-ogg-theora: a1e56fd34408186e4bbccfd4996cb3dc -> 
  custom:container-muxer-webm: aa71ff27fc2769a1b78a27578f13a17b -> 
  custom:container-demuxer-webm: 4f35f7cbe854078d1ac9338744f61a02 -> 
  custom:container-demuxer-ogg: 62fdf1f143b41e24485cea50d1cbac27 -> 
  custom:video-encoder-webm-vp8: eb34c28f22e8b96e1ab97ce403110664 -> 
  custom:video-codec-MediaFoundation-h265: 746d11721c4dcdbdad8f713fa42b33f4 -> 
  custom:video-decoder-webm-vp8: 9c59270c3fd7afecdb556c50c9e8de78 -> 
  custom:audio-decoder-ogg-vorbis: bf7c407c2cedff20999df2af8eb42d56 -> 
  custom:audio-encoder-webm-vorbis: bf7c407c2cedff20999df2af8eb42d56 -> 
========================================================================
Received Import Request.
  path: Assets/GameObjects/rocket_red.png
  artifactKey: Guid(db21f31d3256ead49bc4b849ba3cf346) Importer(815301076,1909f56bfc062723c751e8b465ee728b)
Start importing Assets/GameObjects/rocket_red.png using Guid(db21f31d3256ead49bc4b849ba3cf346) Importer(815301076,1909f56bfc062723c751e8b465ee728b)  -> (artifact id: '1dc60155b5b18b0f415ea41678a256f4') in 0.504632 seconds 
  Import took 0.517447 seconds .

========================================================================
Received Import Request.
  Time since last request: 0.000514 seconds.
  path: Assets/GameObjects/rocket_blue.png
  artifactKey: Guid(66532316835ee924ab908bc40b87924b) Importer(815301076,1909f56bfc062723c751e8b465ee728b)
Start importing Assets/GameObjects/rocket_blue.png using Guid(66532316835ee924ab908bc40b87924b) Importer(815301076,1909f56bfc062723c751e8b465ee728b)  -> (artifact id: 'c3e3fa6a477d2b176bb5e5e96851c6d6') in 0.042409 seconds 
  Import took 0.053872 seconds .

========================================================================
Received Import Request.
  Time since last request: 0.000465 seconds.
  path: Assets/GameObjects/rocket_green.png
  artifactKey: Guid(95ea17f7752b5c1499816c2a9b083f12) Importer(815301076,1909f56bfc062723c751e8b465ee728b)
Start importing Assets/GameObjects/rocket_green.png using Guid(95ea17f7752b5c1499816c2a9b083f12) Importer(815301076,1909f56bfc062723c751e8b465ee728b)  -> (artifact id: 'e6f9a5dbac0bdcb5aeb3b42f267b30c8') in 0.046801 seconds 
  Import took 0.058364 seconds .

========================================================================
Received Prepare
Registering precompiled user dll's ...
Registered in 0.013618 seconds.
Begin MonoManager ReloadAssembly
Native extension for WindowsStandalone target not found
Refreshing native plugins compatible for Editor in 2.06 ms, found 3 plugins.
Preloading 0 native plugins for Editor in 0.00 ms.
Mono: successfully reloaded assembly
- Completed reload, in  3.758 seconds
Platform modules already initialized, skipping
Refreshing native plugins compatible for Editor in 2.51 ms, found 3 plugins.
Preloading 0 native plugins for Editor in 0.00 ms.
Unloading 2228 Unused Serialized files (Serialized files now loaded: 0)
System memory in use before: 188.9 MB.
System memory in use after: 189.1 MB.

Unloading 19 unused Assets to reduce memory usage. Loaded Objects now: 2747.
Total: 8.501000 ms (FindLiveObjects: 0.436300 ms CreateObjectMapping: 0.201700 ms MarkObjects: 7.538600 ms  DeleteObjects: 0.321300 ms)

AssetImportParameters requested are different than current active one (requested -> active):
  custom:framework-win-MediaFoundation: 216162199b28c13a410421893ffa2e32 -> 
  custom:video-decoder-ogg-theora: a1e56fd34408186e4bbccfd4996cb3dc -> 
  custom:container-muxer-webm: aa71ff27fc2769a1b78a27578f13a17b -> 
  custom:container-demuxer-webm: 4f35f7cbe854078d1ac9338744f61a02 -> 
  custom:container-demuxer-ogg: 62fdf1f143b41e24485cea50d1cbac27 -> 
  custom:video-encoder-webm-vp8: eb34c28f22e8b96e1ab97ce403110664 -> 
  custom:video-codec-MediaFoundation-h265: 746d11721c4dcdbdad8f713fa42b33f4 -> 
  custom:video-decoder-webm-vp8: 9c59270c3fd7afecdb556c50c9e8de78 -> 
  custom:audio-decoder-ogg-vorbis: bf7c407c2cedff20999df2af8eb42d56 -> 
  custom:audio-encoder-webm-vorbis: bf7c407c2cedff20999df2af8eb42d56 -> 
========================================================================
Received Prepare
Registering precompiled user dll's ...
Registered in 0.010538 seconds.
Begin MonoManager ReloadAssembly
Native extension for WindowsStandalone target not found
Refreshing native plugins compatible for Editor in 1.55 ms, found 3 plugins.
Preloading 0 native plugins for Editor in 0.00 ms.
Mono: successfully reloaded assembly
- Completed reload, in  3.739 seconds
Platform modules already initialized, skipping
Refreshing native plugins compatible for Editor in 1.53 ms, found 3 plugins.
Preloading 0 native plugins for Editor in 0.00 ms.
Unloading 2227 Unused Serialized files (Serialized files now loaded: 0)
System memory in use before: 188.9 MB.
System memory in use after: 189.1 MB.

Unloading 20 unused Assets to reduce memory usage. Loaded Objects now: 2749.
Total: 7.669800 ms (FindLiveObjects: 0.541400 ms CreateObjectMapping: 0.193000 ms MarkObjects: 6.632300 ms  DeleteObjects: 0.299800 ms)

AssetImportParameters requested are different than current active one (requested -> active):
  custom:framework-win-MediaFoundation: 216162199b28c13a410421893ffa2e32 -> 
  custom:video-decoder-ogg-theora: a1e56fd34408186e4bbccfd4996cb3dc -> 
  custom:container-muxer-webm: aa71ff27fc2769a1b78a27578f13a17b -> 
  custom:container-demuxer-webm: 4f35f7cbe854078d1ac9338744f61a02 -> 
  custom:container-demuxer-ogg: 62fdf1f143b41e24485cea50d1cbac27 -> 
  custom:video-encoder-webm-vp8: eb34c28f22e8b96e1ab97ce403110664 -> 
  custom:video-codec-MediaFoundation-h265: 746d11721c4dcdbdad8f713fa42b33f4 -> 
  custom:video-decoder-webm-vp8: 9c59270c3fd7afecdb556c50c9e8de78 -> 
  custom:audio-decoder-ogg-vorbis: bf7c407c2cedff20999df2af8eb42d56 -> 
  custom:audio-encoder-webm-vorbis: bf7c407c2cedff20999df2af8eb42d56 -> 
========================================================================
Received Prepare
Registering precompiled user dll's ...
Registered in 0.021221 seconds.
Begin MonoManager ReloadAssembly
Native extension for WindowsStandalone target not found
Refreshing native plugins compatible for Editor in 2.07 ms, found 3 plugins.
Preloading 0 native plugins for Editor in 0.00 ms.
Mono: successfully reloaded assembly
- Completed reload, in  3.681 seconds
Platform modules already initialized, skipping
Refreshing native plugins compatible for Editor in 1.60 ms, found 3 plugins.
Preloading 0 native plugins for Editor in 0.00 ms.
Unloading 2227 Unused Serialized files (Serialized files now loaded: 0)
System memory in use before: 189.0 MB.
System memory in use after: 189.1 MB.

Unloading 19 unused Assets to reduce memory usage. Loaded Objects now: 2752.
Total: 8.151700 ms (FindLiveObjects: 0.427400 ms CreateObjectMapping: 0.175700 ms MarkObjects: 7.278300 ms  DeleteObjects: 0.266400 ms)

AssetImportParameters requested are different than current active one (requested -> active):
  custom:framework-win-MediaFoundation: 216162199b28c13a410421893ffa2e32 -> 
  custom:video-decoder-ogg-theora: a1e56fd34408186e4bbccfd4996cb3dc -> 
  custom:container-muxer-webm: aa71ff27fc2769a1b78a27578f13a17b -> 
  custom:container-demuxer-webm: 4f35f7cbe854078d1ac9338744f61a02 -> 
  custom:container-demuxer-ogg: 62fdf1f143b41e24485cea50d1cbac27 -> 
  custom:video-encoder-webm-vp8: eb34c28f22e8b96e1ab97ce403110664 -> 
  custom:video-codec-MediaFoundation-h265: 746d11721c4dcdbdad8f713fa42b33f4 -> 
  custom:video-decoder-webm-vp8: 9c59270c3fd7afecdb556c50c9e8de78 -> 
  custom:audio-decoder-ogg-vorbis: bf7c407c2cedff20999df2af8eb42d56 -> 
  custom:audio-encoder-webm-vorbis: bf7c407c2cedff20999df2af8eb42d56 -> 
========================================================================
Received Import Request.
  Time since last request: 1371.092830 seconds.
  path: Assets/GameObjects/rocket_red_left.png
  artifactKey: Guid(8dfdbfd033355b549aa177ee8302b8dd) Importer(815301076,1909f56bfc062723c751e8b465ee728b)
Start importing Assets/GameObjects/rocket_red_left.png using Guid(8dfdbfd033355b549aa177ee8302b8dd) Importer(815301076,1909f56bfc062723c751e8b465ee728b)  -> (artifact id: '44a9d44f74fef05125d8700ecf5c9665') in 0.194891 seconds 
  Import took 0.209514 seconds .

========================================================================
Received Import Request.
  Time since last request: 0.000614 seconds.
  path: Assets/GameObjects/rocket_green_left.png
  artifactKey: Guid(d3f4691d24dbd5644b01dd3f3beaf3b7) Importer(815301076,1909f56bfc062723c751e8b465ee728b)
Start importing Assets/GameObjects/rocket_green_left.png using Guid(d3f4691d24dbd5644b01dd3f3beaf3b7) Importer(815301076,1909f56bfc062723c751e8b465ee728b)  -> (artifact id: '96f154ac0baade13fafd3221e616c3b2') in 0.060401 seconds 
  Import took 0.076449 seconds .

========================================================================
Received Import Request.
  Time since last request: 0.000448 seconds.
  path: Assets/GameObjects/rocket_blue_left.png
  artifactKey: Guid(a1e872571f0557840b464a4fc94691f1) Importer(815301076,1909f56bfc062723c751e8b465ee728b)
Start importing Assets/GameObjects/rocket_blue_left.png using Guid(a1e872571f0557840b464a4fc94691f1) Importer(815301076,1909f56bfc062723c751e8b465ee728b)  -> (artifact id: 'db79632c70f6b242bc660ab8f83b9b80') in 0.043590 seconds 
  Import took 0.052307 seconds .

========================================================================
Received Import Request.
  Time since last request: 39.809457 seconds.
  path: Assets/GameObjects/rocket_green_left 1.png
  artifactKey: Guid(6932e3f745e030c4c90b1c3ab4bd6173) Importer(815301076,1909f56bfc062723c751e8b465ee728b)
Start importing Assets/GameObjects/rocket_green_left 1.png using Guid(6932e3f745e030c4c90b1c3ab4bd6173) Importer(815301076,1909f56bfc062723c751e8b465ee728b)  -> (artifact id: '874b0162859279c64459f4fee103696f') in 0.045733 seconds 
  Import took 0.057043 seconds .

========================================================================
Received Import Request.
  Time since last request: 0.000642 seconds.
  path: Assets/GameObjects/rocket_red_left 1.png
  artifactKey: Guid(d128e4199f742934595632ca6e716b1c) Importer(815301076,1909f56bfc062723c751e8b465ee728b)
Start importing Assets/GameObjects/rocket_red_left 1.png using Guid(d128e4199f742934595632ca6e716b1c) Importer(815301076,1909f56bfc062723c751e8b465ee728b)  -> (artifact id: '178f7d068c175883e077229692b67214') in 0.049874 seconds 
  Import took 0.066406 seconds .

AssetImportWorkerClient::OnTransportError - code=2 error=End of file
